[2025-07-30T18:50:09.657Z] INFO: POST /api/reviews/vendor/6888e4bfce76584602ea026e/ | Status: 403 | User: 6888e4bfce76584602ea026e | AccountType: vendor | Duration: 62ms
[2025-07-30T18:51:09.959Z] INFO: POST /api/reviews/vendor/6888e4bfce76584602ea026e/ | Status: 403 | User: 6888e4bfce76584602ea026e | AccountType: vendor | Duration: 36ms
[2025-07-30T18:58:12.650Z] INFO: POST /api/reviews/vendor/6888e4bfce76584602ea026e/ | Status: 403 | User: 6888e4bfce76584602ea026e | AccountType: vendor | Duration: 65ms
[2025-07-30T18:58:23.763Z] INFO: POST /api/auth/login | Status: 200 | User: Guest | AccountType: N/A | Duration: 284ms
[2025-07-30T18:58:35.356Z] INFO: POST /api/reviews/vendor/6888e4bfce76584602ea026e/ | Status: 201 | User: 688917f26e0bc65bae76dd4b | AccountType: user | Duration: 50ms
[2025-07-30T19:00:13.779Z] INFO: POST /api/reviews/vendor/6888e4bfce76584602ea026e/ | Status: 201 | User: 688917f26e0bc65bae76dd4b | AccountType: user | Duration: 21ms
[2025-07-30T19:08:12.520Z] INFO: POST /api/reviews/vendor/6888e4bfce76584602ea026e/ | Status: 500 | User: 688917f26e0bc65bae76dd4b | AccountType: user | Duration: 265ms
[2025-07-30T19:08:51.793Z] INFO: POST /api/reviews/vendor/6888e4bfce76584602ea026e/ | Status: 201 | User: 688917f26e0bc65bae76dd4b | AccountType: user | Duration: 85ms
[2025-07-30T19:10:25.082Z] INFO: POST /api/reviews/vendor/6888e4bfce76584602ea026e/ | Status: 500 | User: 688917f26e0bc65bae76dd4b | AccountType: user | Duration: 96ms
[2025-07-30T19:12:56.829Z] INFO: POST /api/reviews/vendor/6888e4bfce76584602ea026e/ | Status: 500 | User: 688917f26e0bc65bae76dd4b | AccountType: user | Duration: 139ms
[2025-07-30T19:16:43.997Z] INFO: POST /api/reviews/vendor/6888e4bfce76584602ea026e/ | Status: 201 | User: 688917f26e0bc65bae76dd4b | AccountType: user | Duration: 172ms
[2025-07-30T19:18:57.377Z] INFO: POST /api/reviews/vendor/6888e4bfce76584602ea026e/ | Status: 500 | User: 688917f26e0bc65bae76dd4b | AccountType: user | Duration: 80ms
[2025-07-30T19:22:21.762Z] INFO: POST /api/reviews/vendor/6888e4bfce76584602ea026e/ | Status: 500 | User: 688917f26e0bc65bae76dd4b | AccountType: user | Duration: 98ms
[2025-07-30T19:24:44.595Z] INFO: POST /api/reviews/vendor/6888e4bfce76584602ea026e/ | Status: 500 | User: 688917f26e0bc65bae76dd4b | AccountType: user | Duration: 43ms
[2025-07-30T19:25:20.843Z] INFO: POST /api/reviews/vendor/6888e4bfce76584602ea026e/ | Status: 500 | User: 688917f26e0bc65bae76dd4b | AccountType: user | Duration: 95ms
[2025-07-31T14:13:36.291Z] INFO: POST /api/reviews/vendor/6888e4bfce76584602ea026e/ | Status: 401 | User: Guest | AccountType: N/A | Duration: 32ms
[2025-07-31T14:13:41.653Z] INFO: POST /api/auth/login | Status: 200 | User: Guest | AccountType: N/A | Duration: 108ms
[2025-07-31T14:13:56.548Z] INFO: POST /api/reviews/vendor/6888e4bfce76584602ea026e/ | Status: 500 | User: 688917f26e0bc65bae76dd4b | AccountType: user | Duration: 23ms
[2025-07-31T14:14:59.990Z] INFO: POST /api/reviews/vendor/6888e4bfce76584602ea026e/ | Status: 500 | User: 688917f26e0bc65bae76dd4b | AccountType: user | Duration: 49ms
[2025-07-31T14:19:12.577Z] INFO: POST /api/reviews/vendor/6888e4bfce76584602ea026e/ | Status: 400 | User: 688917f26e0bc65bae76dd4b | AccountType: user | Duration: 25ms
[2025-07-31T14:19:44.963Z] INFO: POST /api/auth/signup | Status: 201 | User: Guest | AccountType: N/A | Duration: 3698ms
[2025-07-31T14:19:54.710Z] INFO: POST /api/auth/login | Status: 200 | User: Guest | AccountType: N/A | Duration: 85ms
[2025-07-31T14:20:05.767Z] INFO: POST /api/reviews/vendor/6888e4bfce76584602ea026e/ | Status: 500 | User: 688b7b7d0175253e99826552 | AccountType: user | Duration: 16ms
[2025-07-31T14:20:16.463Z] INFO: POST /api/reviews/vendor/6888e4bfce76584602ea026e/ | Status: 400 | User: 688b7b7d0175253e99826552 | AccountType: user | Duration: 8ms
[2025-07-31T14:20:53.931Z] INFO: POST /api/reviews/vendor/6888e4bfce76584602ea026e/ | Status: 500 | User: 688b7b7d0175253e99826552 | AccountType: user | Duration: 13ms
[2025-07-31T14:22:09.597Z] INFO: POST /api/reviews/vendor/6888e4bfce76584602ea026e/ | Status: 201 | User: 688b7b7d0175253e99826552 | AccountType: user | Duration: 53ms
[2025-07-31T14:23:05.104Z] INFO: POST /api/reviews/vendor/6888e4bfce76584602ea026e/ | Status: 201 | User: 688b7b7d0175253e99826552 | AccountType: user | Duration: 19ms
[2025-07-31T14:23:37.354Z] INFO: POST /api/reviews/vendor/6888e4bfce76584602ea026e/ | Status: 201 | User: 688b7b7d0175253e99826552 | AccountType: user | Duration: 16ms
[2025-07-31T15:04:59.723Z] INFO: POST /api/auth/login | Status: 200 | User: Guest | AccountType: N/A | Duration: 116ms
[2025-07-31T15:05:37.790Z] INFO: GET /api/reviews/vendor/6888e4bfce76584602ea026e/ | Status: 200 | User: 688b7b7d0175253e99826552 | AccountType: user | Duration: 39ms
[2025-07-31T17:42:12.622Z] INFO: POST /api/admin/signup | Status: 201 | User: Guest | AccountType: N/A | Duration: 306ms
[2025-07-31T17:43:31.362Z] INFO: POST /api/admin/login | Status: 200 | User: Guest | AccountType: N/A | Duration: 413ms
[2025-07-31T17:44:39.106Z] INFO: GET /api/reviews/vendor/6888e4bfce76584602ea026e/ | Status: 401 | User: Guest | AccountType: N/A | Duration: 50ms
[2025-07-31T17:47:37.998Z] ERROR: ERROR: POST /api/admin/login | User: Guest | AccountType: N/A | Message: handleErrorResponse is not a function
[2025-07-31T17:47:38.031Z] INFO: POST /api/admin/login | Status: 500 | User: Guest | AccountType: N/A | Duration: 412ms
[2025-07-31T17:49:13.132Z] INFO: POST /api/admin/login | Status: 500 | User: Guest | AccountType: N/A | Duration: 281ms
[2025-07-31T17:49:50.690Z] INFO: POST /api/admin/login | Status: 200 | User: Guest | AccountType: N/A | Duration: 244ms
[2025-07-31T17:50:07.926Z] INFO: GET /api/reviews/vendor/6888e4bfce76584602ea026e/ | Status: 401 | User: Guest | AccountType: N/A | Duration: 18ms
[2025-07-31T17:52:10.935Z] INFO: POST /api/admin/login | Status: 200 | User: Guest | AccountType: N/A | Duration: 388ms
[2025-07-31T17:52:22.053Z] INFO: GET /api/reviews/vendor/6888e4bfce76584602ea026e/ | Status: 401 | User: Guest | AccountType: N/A | Duration: 18ms
[2025-07-31T17:53:05.215Z] INFO: GET /api/reviews/vendor/6888e4bfce76584602ea026e/ | Status: 401 | User: Guest | AccountType: N/A | Duration: 61ms
[2025-07-31T17:53:11.487Z] INFO: POST /api/admin/login | Status: 200 | User: Guest | AccountType: N/A | Duration: 539ms
[2025-07-31T18:07:58.187Z] INFO: POST /api/auth/login | Status: 200 | User: Guest | AccountType: N/A | Duration: 239ms
[2025-07-31T18:08:18.132Z] INFO: GET /api/reviews/vendor/6888e4bfce76584602ea026e/ | Status: 200 | User: 688b7b7d0175253e99826552 | AccountType: user | Duration: 64ms
[2025-07-31T18:08:38.137Z] INFO: POST /api/admin/login | Status: 200 | User: Guest | AccountType: N/A | Duration: 220ms
[2025-07-31T18:08:51.315Z] INFO: GET /api/reviews/vendor/6888e4bfce76584602ea026e/ | Status: 200 | User: 688baaf43e94d1c76e9f1366 | AccountType: admin | Duration: 37ms
[2025-07-31T18:10:14.965Z] INFO: POST /api/admin/login | Status: 200 | User: Guest | AccountType: N/A | Duration: 325ms
[2025-07-31T18:10:31.195Z] INFO: GET /api/reviews/vendor/6888e4bfce76584602ea026e/ | Status: 403 | User: 688baaf43e94d1c76e9f1366 | AccountType: superadmin | Duration: 25ms
[2025-07-31T18:11:11.750Z] INFO: GET /api/reviews/vendor/6888e4bfce76584602ea026e/ | Status: 200 | User: 688baaf43e94d1c76e9f1366 | AccountType: superadmin | Duration: 110ms
[2025-07-31T21:19:28.849Z] INFO: POST /api/auth/login | Status: 200 | User: Guest | AccountType: N/A | Duration: 112ms
[2025-07-31T21:19:43.947Z] INFO: DELETE /api/updateProfile | Status: 200 | User: 688b7b7d0175253e99826552 | AccountType: user | Duration: 19ms
[2025-07-31T21:26:57.300Z] INFO: POST /api/admin/login | Status: 200 | User: Guest | AccountType: N/A | Duration: 119ms
[2025-07-31T21:28:00.872Z] INFO: POST /api/add-admin | Status: 404 | User: Guest | AccountType: N/A | Duration: 1ms
[2025-07-31T21:28:21.665Z] INFO: POST /api/admin/login | Status: 200 | User: Guest | AccountType: N/A | Duration: 86ms
[2025-07-31T21:28:33.957Z] INFO: POST /api/add-admin | Status: 404 | User: Guest | AccountType: N/A | Duration: 1ms
[2025-07-31T21:28:57.239Z] INFO: POST /api/admin/add-admin | Status: 201 | User: 688baaf43e94d1c76e9f1366 | AccountType: superadmin | Duration: 103ms
[2025-07-31T21:42:03.675Z] INFO: DELETE /api/admin/remove-admin/688be0191d4fd53fc9837956 | Status: 200 | User: 688baaf43e94d1c76e9f1366 | AccountType: superadmin | Duration: 35ms
[2025-08-03T12:00:11.061Z] INFO: POST /api/auth/login | Status: 200 | User: Guest | AccountType: N/A | Duration: 347ms
[2025-08-03T12:00:19.369Z] INFO: POST /api/auth/login | Status: 200 | User: Guest | AccountType: N/A | Duration: 219ms
[2025-08-03T12:00:22.745Z] INFO: POST /api/auth/login | Status: 200 | User: Guest | AccountType: N/A | Duration: 346ms
[2025-08-03T12:00:44.581Z] INFO: GET /api/profile | Status: 500 | User: 6888e4bfce76584602ea026e | AccountType: vendor | Duration: 19ms
[2025-08-03T12:01:33.701Z] INFO: GET /api/profile | Status: 500 | User: 6888e4bfce76584602ea026e | AccountType: vendor | Duration: 65ms
[2025-08-03T12:03:14.326Z] INFO: GET /api/profile | Status: 404 | User: 6888e4bfce76584602ea026e | AccountType: vendor | Duration: 147ms
[2025-08-03T12:04:25.929Z] INFO: GET /api/profile | Status: 404 | User: 6888e4bfce76584602ea026e | AccountType: vendor | Duration: 180ms
[2025-08-03T12:05:14.362Z] INFO: PUT /api/profile | Status: 404 | User: 6888e4bfce76584602ea026e | AccountType: vendor | Duration: 21ms
[2025-08-03T12:05:44.331Z] INFO: PUT /api/profile | Status: 404 | User: 6888e4bfce76584602ea026e | AccountType: vendor | Duration: 15ms
[2025-08-03T12:07:07.056Z] INFO: PUT /api/profile | Status: 404 | User: 6888e4bfce76584602ea026e | AccountType: vendor | Duration: 131ms
[2025-08-03T12:07:26.509Z] INFO: GET /api/profile | Status: 404 | User: 6888e4bfce76584602ea026e | AccountType: vendor | Duration: 19ms
[2025-08-03T12:08:21.765Z] INFO: DELETE /api/profile | Status: 404 | User: 6888e4bfce76584602ea026e | AccountType: vendor | Duration: 19ms
[2025-08-03T12:10:26.015Z] INFO: DELETE /api/profile | Status: 404 | User: 6888e4bfce76584602ea026e | AccountType: vendor | Duration: 63ms
[2025-08-03T12:11:18.314Z] INFO: POST /api/auth/login | Status: 200 | User: Guest | AccountType: N/A | Duration: 299ms
[2025-08-03T12:11:30.362Z] INFO: GET /api/profile | Status: 500 | User: 688917f26e0bc65bae76dd4b | AccountType: user | Duration: 61ms
[2025-08-03T12:12:17.909Z] INFO: GET /api/profile | Status: 200 | User: 688917f26e0bc65bae76dd4b | AccountType: user | Duration: 72ms
[2025-08-03T12:46:00.470Z] INFO: GET /api/profile | Status: 401 | User: Guest | AccountType: N/A | Duration: 49ms
[2025-08-03T12:47:14.208Z] INFO: GET /api/random | Status: 404 | User: Guest | AccountType: N/A | Duration: 8ms
[2025-08-03T12:49:39.973Z] INFO: PUT /api/profile | Status: 404 | User: 6888e4bfce76584602ea026e | AccountType: vendor | Duration: 131ms
[2025-08-03T12:51:03.791Z] INFO: PUT /api/profile | Status: 404 | User: 6888e4bfce76584602ea026e | AccountType: vendor | Duration: 69ms
[2025-08-03T12:51:14.468Z] INFO: GET /api/random | Status: 404 | User: Guest | AccountType: N/A | Duration: 4ms
[2025-08-03T12:51:28.089Z] INFO: GET /api/random | Status: 404 | User: Guest | AccountType: N/A | Duration: 1ms
[2025-08-03T12:51:38.494Z] INFO: GET /api/profile | Status: 500 | User: 688917f26e0bc65bae76dd4b | AccountType: user | Duration: 23ms
[2025-08-03T13:12:11.417Z] INFO: GET /api/profile | Status: 401 | User: Guest | AccountType: N/A | Duration: 18ms
[2025-08-03T13:12:42.360Z] INFO: POST /api/auth/login | Status: 200 | User: Guest | AccountType: N/A | Duration: 406ms
[2025-08-03T13:12:59.361Z] ERROR: GET /api/profile | Status: 500 | User: 688917f26e0bc65bae76dd4b | AccountType: user | Message: next is not defined
[2025-08-03T13:12:59.367Z] INFO: GET /api/profile | Status: 500 | User: 688917f26e0bc65bae76dd4b | AccountType: user | Duration: 24ms
[2025-08-03T13:30:30.546Z] INFO: GET /api/profile | Status: 200 | User: 688917f26e0bc65bae76dd4b | AccountType: user | Duration: 59ms
[2025-08-03T13:32:02.289Z] ERROR: GET /api/profile | Status: 500 | User: 688917f26e0bc65bae76dd4b | AccountType: user | Message: res.status.json is not a function
[2025-08-03T13:32:02.334Z] INFO: GET /api/profile | Status: 500 | User: 688917f26e0bc65bae76dd4b | AccountType: user | Duration: 180ms
[2025-08-03T13:32:41.449Z] INFO: GET /api/profile | Status: 200 | User: 688917f26e0bc65bae76dd4b | AccountType: user | Duration: 136ms
[2025-08-03T13:36:29.023Z] ERROR: GET /api/profile | Status: 500 | User: 688917f26e0bc65bae76dd4b | AccountType: user | Message: next is not defined
[2025-08-03T13:36:29.041Z] INFO: GET /api/profile | Status: 500 | User: 688917f26e0bc65bae76dd4b | AccountType: user | Duration: 70ms
[2025-08-03T13:40:06.379Z] ERROR: GET /api/profile | Status: 500 | User: 688917f26e0bc65bae76dd4b | AccountType: user | Message: next is not a function
[2025-08-03T13:40:06.396Z] INFO: GET /api/profile | Status: 500 | User: 688917f26e0bc65bae76dd4b | AccountType: user | Duration: 70ms
[2025-08-03T13:43:19.800Z] ERROR: GET /api/profile | Status: 500 | User: 688917f26e0bc65bae76dd4b | AccountType: user | Message: res.status.json is not a function
[2025-08-03T13:43:19.818Z] INFO: GET /api/profile | Status: 500 | User: 688917f26e0bc65bae76dd4b | AccountType: user | Duration: 79ms
